<?xml version="1.0" encoding="UTF-8"?>
<testng-results skipped="0" failed="0" ignored="0" total="4" passed="4">
  <reporter-output>
  </reporter-output>
  <suite name="search-module" duration-ms="66455" started-at="2019-03-29T05:04:00Z" finished-at="2019-03-29T05:05:06Z">
    <groups>
    </groups>
    <test name="search-test-java-4" duration-ms="35545" started-at="2019-03-29T05:04:00Z" finished-at="2019-03-29T05:04:35Z">
      <class name="searchmodule.tests.SearchTest">
        <test-method status="PASS" signature="setupDriver(org.testng.ITestContext)[pri:0, instance:searchmodule.tests.SearchTest@6bdf28bb]" name="setupDriver" is-config="true" duration-ms="16294" started-at="2019-03-29T05:04:00Z" finished-at="2019-03-29T05:04:16Z">
          <params>
            <param index="0">
              <value>
                <![CDATA[org.testng.TestRunner@17c68925]]>
              </value>
            </param>
          </params>
          <reporter-output>
          </reporter-output>
        </test-method> <!-- setupDriver -->
        <test-method status="PASS" signature="Search(java.lang.String)[pri:0, instance:searchmodule.tests.SearchTest@6bdf28bb]" name="Search" duration-ms="16848" started-at="2019-03-29T05:04:16Z" finished-at="2019-03-29T05:04:33Z">
          <params>
            <param index="0">
              <value>
                <![CDATA[selenium]]>
              </value>
            </param>
          </params>
          <reporter-output>
          </reporter-output>
        </test-method> <!-- Search -->
        <test-method status="PASS" signature="quitDriver()[pri:0, instance:searchmodule.tests.SearchTest@6bdf28bb]" name="quitDriver" is-config="true" duration-ms="2397" started-at="2019-03-29T05:04:33Z" finished-at="2019-03-29T05:04:35Z">
          <reporter-output>
          </reporter-output>
        </test-method> <!-- quitDriver -->
      </class> <!-- searchmodule.tests.SearchTest -->
    </test> <!-- search-test-java-4 -->
    <test name="search-test-java" duration-ms="35722" started-at="2019-03-29T05:04:00Z" finished-at="2019-03-29T05:04:35Z">
      <class name="searchmodule.tests.SearchTest">
        <test-method status="PASS" signature="setupDriver(org.testng.ITestContext)[pri:0, instance:searchmodule.tests.SearchTest@6e3c1e69]" name="setupDriver" is-config="true" duration-ms="16085" started-at="2019-03-29T05:04:00Z" finished-at="2019-03-29T05:04:16Z">
          <params>
            <param index="0">
              <value>
                <![CDATA[org.testng.TestRunner@7e0ea639]]>
              </value>
            </param>
          </params>
          <reporter-output>
          </reporter-output>
        </test-method> <!-- setupDriver -->
        <test-method status="PASS" signature="Search(java.lang.String)[pri:0, instance:searchmodule.tests.SearchTest@6e3c1e69]" name="Search" duration-ms="16606" started-at="2019-03-29T05:04:16Z" finished-at="2019-03-29T05:04:32Z">
          <params>
            <param index="0">
              <value>
                <![CDATA[java]]>
              </value>
            </param>
          </params>
          <reporter-output>
          </reporter-output>
        </test-method> <!-- Search -->
        <test-method status="PASS" signature="quitDriver()[pri:0, instance:searchmodule.tests.SearchTest@6e3c1e69]" name="quitDriver" is-config="true" duration-ms="2919" started-at="2019-03-29T05:04:32Z" finished-at="2019-03-29T05:04:35Z">
          <reporter-output>
          </reporter-output>
        </test-method> <!-- quitDriver -->
      </class> <!-- searchmodule.tests.SearchTest -->
    </test> <!-- search-test-java -->
    <test name="search-test-java-2" duration-ms="66143" started-at="2019-03-29T05:04:00Z" finished-at="2019-03-29T05:05:06Z">
      <class name="searchmodule.tests.SearchTest">
        <test-method status="PASS" signature="setupDriver(org.testng.ITestContext)[pri:0, instance:searchmodule.tests.SearchTest@7dc36524]" name="setupDriver" is-config="true" duration-ms="49229" started-at="2019-03-29T05:04:00Z" finished-at="2019-03-29T05:04:49Z">
          <params>
            <param index="0">
              <value>
                <![CDATA[org.testng.TestRunner@3d24753a]]>
              </value>
            </param>
          </params>
          <reporter-output>
          </reporter-output>
        </test-method> <!-- setupDriver -->
        <test-method status="PASS" signature="Search(java.lang.String)[pri:0, instance:searchmodule.tests.SearchTest@7dc36524]" name="Search" duration-ms="13676" started-at="2019-03-29T05:04:49Z" finished-at="2019-03-29T05:05:03Z">
          <params>
            <param index="0">
              <value>
                <![CDATA[webdriver]]>
              </value>
            </param>
          </params>
          <reporter-output>
          </reporter-output>
        </test-method> <!-- Search -->
        <test-method status="PASS" signature="quitDriver()[pri:0, instance:searchmodule.tests.SearchTest@7dc36524]" name="quitDriver" is-config="true" duration-ms="3234" started-at="2019-03-29T05:05:03Z" finished-at="2019-03-29T05:05:06Z">
          <reporter-output>
          </reporter-output>
        </test-method> <!-- quitDriver -->
      </class> <!-- searchmodule.tests.SearchTest -->
    </test> <!-- search-test-java-2 -->
    <test name="search-test-java-3" duration-ms="66389" started-at="2019-03-29T05:04:00Z" finished-at="2019-03-29T05:05:06Z">
      <class name="searchmodule.tests.SearchTest">
        <test-method status="PASS" signature="setupDriver(org.testng.ITestContext)[pri:0, instance:searchmodule.tests.SearchTest@1134affc]" name="setupDriver" is-config="true" duration-ms="47651" started-at="2019-03-29T05:04:00Z" finished-at="2019-03-29T05:04:47Z">
          <params>
            <param index="0">
              <value>
                <![CDATA[org.testng.TestRunner@59a6e353]]>
              </value>
            </param>
          </params>
          <reporter-output>
          </reporter-output>
        </test-method> <!-- setupDriver -->
        <test-method status="PASS" signature="Search(java.lang.String)[pri:0, instance:searchmodule.tests.SearchTest@1134affc]" name="Search" duration-ms="15792" started-at="2019-03-29T05:04:47Z" finished-at="2019-03-29T05:05:03Z">
          <params>
            <param index="0">
              <value>
                <![CDATA[docker]]>
              </value>
            </param>
          </params>
          <reporter-output>
          </reporter-output>
        </test-method> <!-- Search -->
        <test-method status="PASS" signature="quitDriver()[pri:0, instance:searchmodule.tests.SearchTest@1134affc]" name="quitDriver" is-config="true" duration-ms="2940" started-at="2019-03-29T05:05:03Z" finished-at="2019-03-29T05:05:06Z">
          <reporter-output>
          </reporter-output>
        </test-method> <!-- quitDriver -->
      </class> <!-- searchmodule.tests.SearchTest -->
    </test> <!-- search-test-java-3 -->
  </suite> <!-- search-module -->
</testng-results>
