<?xml version="1.0" encoding="UTF-8"?>
<testng-results skipped="0" failed="0" ignored="0" total="4" passed="4">
  <reporter-output>
  </reporter-output>
  <suite name="search-module" duration-ms="51586" started-at="2019-03-29T05:04:00Z" finished-at="2019-03-29T05:04:51Z">
    <groups>
    </groups>
    <test name="search-test-java-3" duration-ms="29791" started-at="2019-03-29T05:04:00Z" finished-at="2019-03-29T05:04:29Z">
      <class name="searchmodule.tests.SearchTest">
        <test-method status="PASS" signature="setupDriver(org.testng.ITestContext)[pri:0, instance:searchmodule.tests.SearchTest@1134affc]" name="setupDriver" is-config="true" duration-ms="11560" started-at="2019-03-29T05:04:00Z" finished-at="2019-03-29T05:04:11Z">
          <params>
            <param index="0">
              <value>
                <![CDATA[org.testng.TestRunner@17c68925]]>
              </value>
            </param>
          </params>
          <reporter-output>
          </reporter-output>
        </test-method> <!-- setupDriver -->
        <test-method status="PASS" signature="Search(java.lang.String)[pri:0, instance:searchmodule.tests.SearchTest@1134affc]" name="Search" duration-ms="17904" started-at="2019-03-29T05:04:11Z" finished-at="2019-03-29T05:04:29Z">
          <params>
            <param index="0">
              <value>
                <![CDATA[docker]]>
              </value>
            </param>
          </params>
          <reporter-output>
          </reporter-output>
        </test-method> <!-- Search -->
        <test-method status="PASS" signature="quitDriver()[pri:0, instance:searchmodule.tests.SearchTest@1134affc]" name="quitDriver" is-config="true" duration-ms="243" started-at="2019-03-29T05:04:29Z" finished-at="2019-03-29T05:04:29Z">
          <reporter-output>
          </reporter-output>
        </test-method> <!-- quitDriver -->
      </class> <!-- searchmodule.tests.SearchTest -->
    </test> <!-- search-test-java-3 -->
    <test name="search-test-java-4" duration-ms="29088" started-at="2019-03-29T05:04:00Z" finished-at="2019-03-29T05:04:29Z">
      <class name="searchmodule.tests.SearchTest">
        <test-method status="PASS" signature="setupDriver(org.testng.ITestContext)[pri:0, instance:searchmodule.tests.SearchTest@6bdf28bb]" name="setupDriver" is-config="true" duration-ms="11560" started-at="2019-03-29T05:04:00Z" finished-at="2019-03-29T05:04:11Z">
          <params>
            <param index="0">
              <value>
                <![CDATA[org.testng.TestRunner@7e0ea639]]>
              </value>
            </param>
          </params>
          <reporter-output>
          </reporter-output>
        </test-method> <!-- setupDriver -->
        <test-method status="PASS" signature="Search(java.lang.String)[pri:0, instance:searchmodule.tests.SearchTest@6bdf28bb]" name="Search" duration-ms="17120" started-at="2019-03-29T05:04:11Z" finished-at="2019-03-29T05:04:28Z">
          <params>
            <param index="0">
              <value>
                <![CDATA[selenium]]>
              </value>
            </param>
          </params>
          <reporter-output>
          </reporter-output>
        </test-method> <!-- Search -->
        <test-method status="PASS" signature="quitDriver()[pri:0, instance:searchmodule.tests.SearchTest@6bdf28bb]" name="quitDriver" is-config="true" duration-ms="193" started-at="2019-03-29T05:04:28Z" finished-at="2019-03-29T05:04:29Z">
          <reporter-output>
          </reporter-output>
        </test-method> <!-- quitDriver -->
      </class> <!-- searchmodule.tests.SearchTest -->
    </test> <!-- search-test-java-4 -->
    <test name="search-test-java-2" duration-ms="49942" started-at="2019-03-29T05:04:00Z" finished-at="2019-03-29T05:04:50Z">
      <class name="searchmodule.tests.SearchTest">
        <test-method status="PASS" signature="setupDriver(org.testng.ITestContext)[pri:0, instance:searchmodule.tests.SearchTest@7dc36524]" name="setupDriver" is-config="true" duration-ms="37517" started-at="2019-03-29T05:04:00Z" finished-at="2019-03-29T05:04:37Z">
          <params>
            <param index="0">
              <value>
                <![CDATA[org.testng.TestRunner@3d24753a]]>
              </value>
            </param>
          </params>
          <reporter-output>
          </reporter-output>
        </test-method> <!-- setupDriver -->
        <test-method status="PASS" signature="Search(java.lang.String)[pri:0, instance:searchmodule.tests.SearchTest@7dc36524]" name="Search" duration-ms="12256" started-at="2019-03-29T05:04:37Z" finished-at="2019-03-29T05:04:49Z">
          <params>
            <param index="0">
              <value>
                <![CDATA[webdriver]]>
              </value>
            </param>
          </params>
          <reporter-output>
          </reporter-output>
        </test-method> <!-- Search -->
        <test-method status="PASS" signature="quitDriver()[pri:0, instance:searchmodule.tests.SearchTest@7dc36524]" name="quitDriver" is-config="true" duration-ms="166" started-at="2019-03-29T05:04:49Z" finished-at="2019-03-29T05:04:50Z">
          <reporter-output>
          </reporter-output>
        </test-method> <!-- quitDriver -->
      </class> <!-- searchmodule.tests.SearchTest -->
    </test> <!-- search-test-java-2 -->
    <test name="search-test-java" duration-ms="51586" started-at="2019-03-29T05:04:00Z" finished-at="2019-03-29T05:04:51Z">
      <class name="searchmodule.tests.SearchTest">
        <test-method status="PASS" signature="setupDriver(org.testng.ITestContext)[pri:0, instance:searchmodule.tests.SearchTest@6e3c1e69]" name="setupDriver" is-config="true" duration-ms="37821" started-at="2019-03-29T05:04:00Z" finished-at="2019-03-29T05:04:37Z">
          <params>
            <param index="0">
              <value>
                <![CDATA[org.testng.TestRunner@59a6e353]]>
              </value>
            </param>
          </params>
          <reporter-output>
          </reporter-output>
        </test-method> <!-- setupDriver -->
        <test-method status="PASS" signature="Search(java.lang.String)[pri:0, instance:searchmodule.tests.SearchTest@6e3c1e69]" name="Search" duration-ms="13642" started-at="2019-03-29T05:04:37Z" finished-at="2019-03-29T05:04:51Z">
          <params>
            <param index="0">
              <value>
                <![CDATA[java]]>
              </value>
            </param>
          </params>
          <reporter-output>
          </reporter-output>
        </test-method> <!-- Search -->
        <test-method status="PASS" signature="quitDriver()[pri:0, instance:searchmodule.tests.SearchTest@6e3c1e69]" name="quitDriver" is-config="true" duration-ms="110" started-at="2019-03-29T05:04:51Z" finished-at="2019-03-29T05:04:51Z">
          <reporter-output>
          </reporter-output>
        </test-method> <!-- quitDriver -->
      </class> <!-- searchmodule.tests.SearchTest -->
    </test> <!-- search-test-java -->
  </suite> <!-- search-module -->
</testng-results>
